[2022-07-30T01:00:45,669][INFO ][o.e.n.Node               ] [Adarshs-MacBook-Pro.local] version[7.17.4], pid[4956], build[default/tar/79878662c54c886ae89206c685d9f1051a9d6411/2022-05-18T18:04:20.964345128Z], OS[Mac OS X/10.15.7/x86_64], JVM[Oracle Corporation/OpenJDK 64-Bit Server VM/18.0.1.1/18.0.1.1+2-6]
[2022-07-30T01:00:45,674][INFO ][o.e.n.Node               ] [Adarshs-MacBook-Pro.local] JVM home [/usr/local/Cellar/elasticsearch-full/7.17.4/libexec/jdk.app/Contents/Home], using bundled JDK [true]
[2022-07-30T01:00:45,674][INFO ][o.e.n.Node               ] [Adarshs-MacBook-Pro.local] JVM arguments [-Xshare:auto, -Des.networkaddress.cache.ttl=60, -Des.networkaddress.cache.negative.ttl=10, -XX:+AlwaysPreTouch, -Xss1m, -Djava.awt.headless=true, -Dfile.encoding=UTF-8, -Djna.nosys=true, -XX:-OmitStackTraceInFastThrow, -XX:+ShowCodeDetailsInExceptionMessages, -Dio.netty.noUnsafe=true, -Dio.netty.noKeySetOptimization=true, -Dio.netty.recycler.maxCapacityPerThread=0, -Dio.netty.allocator.numDirectArenas=0, -Dlog4j.shutdownHookEnabled=false, -Dlog4j2.disable.jmx=true, -Dlog4j2.formatMsgNoLookups=true, -Djava.locale.providers=SPI,COMPAT, --add-opens=java.base/java.io=ALL-UNNAMED, -Djava.security.manager=allow, -XX:+UseG1GC, -Djava.io.tmpdir=/var/folders/7g/53424vt14g72yfdgy4c718ww0000gn/T/elasticsearch-8031648567968376812, -XX:+HeapDumpOnOutOfMemoryError, -XX:+ExitOnOutOfMemoryError, -XX:HeapDumpPath=data, -XX:ErrorFile=logs/hs_err_pid%p.log, -Xlog:gc*,gc+age=trace,safepoint:file=/usr/local/var/log/elasticsearch/gc.log:utctime,pid,tags:filecount=32,filesize=64m, -Xms8192m, -Xmx8192m, -XX:MaxDirectMemorySize=4294967296, -XX:InitiatingHeapOccupancyPercent=30, -XX:G1ReservePercent=25, -Des.path.home=/usr/local/Cellar/elasticsearch-full/7.17.4/libexec, -Des.path.conf=/usr/local/etc/elasticsearch, -Des.distribution.flavor=default, -Des.distribution.type=tar, -Des.bundled_jdk=true]
[2022-07-30T01:00:48,026][INFO ][o.e.p.PluginsService     ] [Adarshs-MacBook-Pro.local] loaded module [aggs-matrix-stats]
[2022-07-30T01:00:48,027][INFO ][o.e.p.PluginsService     ] [Adarshs-MacBook-Pro.local] loaded module [analysis-common]
[2022-07-30T01:00:48,027][INFO ][o.e.p.PluginsService     ] [Adarshs-MacBook-Pro.local] loaded module [constant-keyword]
[2022-07-30T01:00:48,027][INFO ][o.e.p.PluginsService     ] [Adarshs-MacBook-Pro.local] loaded module [frozen-indices]
[2022-07-30T01:00:48,028][INFO ][o.e.p.PluginsService     ] [Adarshs-MacBook-Pro.local] loaded module [ingest-common]
[2022-07-30T01:00:48,028][INFO ][o.e.p.PluginsService     ] [Adarshs-MacBook-Pro.local] loaded module [ingest-geoip]
[2022-07-30T01:00:48,028][INFO ][o.e.p.PluginsService     ] [Adarshs-MacBook-Pro.local] loaded module [ingest-user-agent]
[2022-07-30T01:00:48,028][INFO ][o.e.p.PluginsService     ] [Adarshs-MacBook-Pro.local] loaded module [kibana]
[2022-07-30T01:00:48,029][INFO ][o.e.p.PluginsService     ] [Adarshs-MacBook-Pro.local] loaded module [lang-expression]
[2022-07-30T01:00:48,029][INFO ][o.e.p.PluginsService     ] [Adarshs-MacBook-Pro.local] loaded module [lang-mustache]
[2022-07-30T01:00:48,029][INFO ][o.e.p.PluginsService     ] [Adarshs-MacBook-Pro.local] loaded module [lang-painless]
[2022-07-30T01:00:48,029][INFO ][o.e.p.PluginsService     ] [Adarshs-MacBook-Pro.local] loaded module [legacy-geo]
[2022-07-30T01:00:48,030][INFO ][o.e.p.PluginsService     ] [Adarshs-MacBook-Pro.local] loaded module [mapper-extras]
[2022-07-30T01:00:48,030][INFO ][o.e.p.PluginsService     ] [Adarshs-MacBook-Pro.local] loaded module [mapper-version]
[2022-07-30T01:00:48,030][INFO ][o.e.p.PluginsService     ] [Adarshs-MacBook-Pro.local] loaded module [parent-join]
[2022-07-30T01:00:48,030][INFO ][o.e.p.PluginsService     ] [Adarshs-MacBook-Pro.local] loaded module [percolator]
[2022-07-30T01:00:48,031][INFO ][o.e.p.PluginsService     ] [Adarshs-MacBook-Pro.local] loaded module [rank-eval]
[2022-07-30T01:00:48,031][INFO ][o.e.p.PluginsService     ] [Adarshs-MacBook-Pro.local] loaded module [reindex]
[2022-07-30T01:00:48,031][INFO ][o.e.p.PluginsService     ] [Adarshs-MacBook-Pro.local] loaded module [repositories-metering-api]
[2022-07-30T01:00:48,031][INFO ][o.e.p.PluginsService     ] [Adarshs-MacBook-Pro.local] loaded module [repository-encrypted]
[2022-07-30T01:00:48,032][INFO ][o.e.p.PluginsService     ] [Adarshs-MacBook-Pro.local] loaded module [repository-url]
[2022-07-30T01:00:48,032][INFO ][o.e.p.PluginsService     ] [Adarshs-MacBook-Pro.local] loaded module [runtime-fields-common]
[2022-07-30T01:00:48,032][INFO ][o.e.p.PluginsService     ] [Adarshs-MacBook-Pro.local] loaded module [search-business-rules]
[2022-07-30T01:00:48,032][INFO ][o.e.p.PluginsService     ] [Adarshs-MacBook-Pro.local] loaded module [searchable-snapshots]
[2022-07-30T01:00:48,033][INFO ][o.e.p.PluginsService     ] [Adarshs-MacBook-Pro.local] loaded module [snapshot-repo-test-kit]
[2022-07-30T01:00:48,033][INFO ][o.e.p.PluginsService     ] [Adarshs-MacBook-Pro.local] loaded module [spatial]
[2022-07-30T01:00:48,033][INFO ][o.e.p.PluginsService     ] [Adarshs-MacBook-Pro.local] loaded module [transform]
[2022-07-30T01:00:48,033][INFO ][o.e.p.PluginsService     ] [Adarshs-MacBook-Pro.local] loaded module [transport-netty4]
[2022-07-30T01:00:48,034][INFO ][o.e.p.PluginsService     ] [Adarshs-MacBook-Pro.local] loaded module [unsigned-long]
[2022-07-30T01:00:48,034][INFO ][o.e.p.PluginsService     ] [Adarshs-MacBook-Pro.local] loaded module [vector-tile]
[2022-07-30T01:00:48,034][INFO ][o.e.p.PluginsService     ] [Adarshs-MacBook-Pro.local] loaded module [vectors]
[2022-07-30T01:00:48,034][INFO ][o.e.p.PluginsService     ] [Adarshs-MacBook-Pro.local] loaded module [wildcard]
[2022-07-30T01:00:48,035][INFO ][o.e.p.PluginsService     ] [Adarshs-MacBook-Pro.local] loaded module [x-pack-aggregate-metric]
[2022-07-30T01:00:48,035][INFO ][o.e.p.PluginsService     ] [Adarshs-MacBook-Pro.local] loaded module [x-pack-analytics]
[2022-07-30T01:00:48,035][INFO ][o.e.p.PluginsService     ] [Adarshs-MacBook-Pro.local] loaded module [x-pack-async]
[2022-07-30T01:00:48,035][INFO ][o.e.p.PluginsService     ] [Adarshs-MacBook-Pro.local] loaded module [x-pack-async-search]
[2022-07-30T01:00:48,035][INFO ][o.e.p.PluginsService     ] [Adarshs-MacBook-Pro.local] loaded module [x-pack-autoscaling]
[2022-07-30T01:00:48,036][INFO ][o.e.p.PluginsService     ] [Adarshs-MacBook-Pro.local] loaded module [x-pack-ccr]
[2022-07-30T01:00:48,036][INFO ][o.e.p.PluginsService     ] [Adarshs-MacBook-Pro.local] loaded module [x-pack-core]
[2022-07-30T01:00:48,036][INFO ][o.e.p.PluginsService     ] [Adarshs-MacBook-Pro.local] loaded module [x-pack-data-streams]
[2022-07-30T01:00:48,036][INFO ][o.e.p.PluginsService     ] [Adarshs-MacBook-Pro.local] loaded module [x-pack-deprecation]
[2022-07-30T01:00:48,036][INFO ][o.e.p.PluginsService     ] [Adarshs-MacBook-Pro.local] loaded module [x-pack-enrich]
[2022-07-30T01:00:48,037][INFO ][o.e.p.PluginsService     ] [Adarshs-MacBook-Pro.local] loaded module [x-pack-eql]
[2022-07-30T01:00:48,037][INFO ][o.e.p.PluginsService     ] [Adarshs-MacBook-Pro.local] loaded module [x-pack-fleet]
[2022-07-30T01:00:48,037][INFO ][o.e.p.PluginsService     ] [Adarshs-MacBook-Pro.local] loaded module [x-pack-graph]
[2022-07-30T01:00:48,037][INFO ][o.e.p.PluginsService     ] [Adarshs-MacBook-Pro.local] loaded module [x-pack-identity-provider]
[2022-07-30T01:00:48,037][INFO ][o.e.p.PluginsService     ] [Adarshs-MacBook-Pro.local] loaded module [x-pack-ilm]
[2022-07-30T01:00:48,038][INFO ][o.e.p.PluginsService     ] [Adarshs-MacBook-Pro.local] loaded module [x-pack-logstash]
[2022-07-30T01:00:48,038][INFO ][o.e.p.PluginsService     ] [Adarshs-MacBook-Pro.local] loaded module [x-pack-ml]
[2022-07-30T01:00:48,038][INFO ][o.e.p.PluginsService     ] [Adarshs-MacBook-Pro.local] loaded module [x-pack-monitoring]
[2022-07-30T01:00:48,038][INFO ][o.e.p.PluginsService     ] [Adarshs-MacBook-Pro.local] loaded module [x-pack-ql]
[2022-07-30T01:00:48,038][INFO ][o.e.p.PluginsService     ] [Adarshs-MacBook-Pro.local] loaded module [x-pack-rollup]
[2022-07-30T01:00:48,039][INFO ][o.e.p.PluginsService     ] [Adarshs-MacBook-Pro.local] loaded module [x-pack-security]
[2022-07-30T01:00:48,039][INFO ][o.e.p.PluginsService     ] [Adarshs-MacBook-Pro.local] loaded module [x-pack-shutdown]
[2022-07-30T01:00:48,039][INFO ][o.e.p.PluginsService     ] [Adarshs-MacBook-Pro.local] loaded module [x-pack-sql]
[2022-07-30T01:00:48,039][INFO ][o.e.p.PluginsService     ] [Adarshs-MacBook-Pro.local] loaded module [x-pack-stack]
[2022-07-30T01:00:48,039][INFO ][o.e.p.PluginsService     ] [Adarshs-MacBook-Pro.local] loaded module [x-pack-text-structure]
[2022-07-30T01:00:48,039][INFO ][o.e.p.PluginsService     ] [Adarshs-MacBook-Pro.local] loaded module [x-pack-voting-only-node]
[2022-07-30T01:00:48,040][INFO ][o.e.p.PluginsService     ] [Adarshs-MacBook-Pro.local] loaded module [x-pack-watcher]
[2022-07-30T01:00:48,040][INFO ][o.e.p.PluginsService     ] [Adarshs-MacBook-Pro.local] no plugins loaded
[2022-07-30T01:00:48,083][INFO ][o.e.e.NodeEnvironment    ] [Adarshs-MacBook-Pro.local] using [1] data paths, mounts [[/System/Volumes/Data (/dev/disk1s2)]], net usable_space [394.4gb], net total_space [465.7gb], types [apfs]
[2022-07-30T01:00:48,083][INFO ][o.e.e.NodeEnvironment    ] [Adarshs-MacBook-Pro.local] heap size [8gb], compressed ordinary object pointers [true]
[2022-07-30T01:00:48,107][INFO ][o.e.n.Node               ] [Adarshs-MacBook-Pro.local] node name [Adarshs-MacBook-Pro.local], node ID [Rp2_LchETZ-ImD5JesvU_A], cluster name [ecommerce], roles [transform, data_frozen, master, remote_cluster_client, data, ml, data_content, data_hot, data_warm, data_cold, ingest]
[2022-07-30T01:00:52,855][INFO ][o.e.x.m.p.l.CppLogMessageHandler] [Adarshs-MacBook-Pro.local] [controller/4998] [Main.cc@122] controller (64 bit): Version 7.17.4 (Build 57e42dc012e06b) Copyright (c) 2022 Elasticsearch BV
[2022-07-30T01:00:53,548][INFO ][o.e.x.s.a.s.FileRolesStore] [Adarshs-MacBook-Pro.local] parsed [0] roles from file [/usr/local/etc/elasticsearch/roles.yml]
[2022-07-30T01:00:54,198][INFO ][o.e.i.g.ConfigDatabases  ] [Adarshs-MacBook-Pro.local] initialized default databases [[GeoLite2-Country.mmdb, GeoLite2-City.mmdb, GeoLite2-ASN.mmdb]], config databases [[]] and watching [/usr/local/etc/elasticsearch/ingest-geoip] for changes
[2022-07-30T01:00:54,199][INFO ][o.e.i.g.DatabaseNodeService] [Adarshs-MacBook-Pro.local] initialized database registry, using geoip-databases directory [/var/folders/7g/53424vt14g72yfdgy4c718ww0000gn/T/elasticsearch-8031648567968376812/geoip-databases/Rp2_LchETZ-ImD5JesvU_A]
[2022-07-30T01:00:54,988][INFO ][o.e.t.NettyAllocator     ] [Adarshs-MacBook-Pro.local] creating NettyAllocator with the following configs: [name=elasticsearch_configured, chunk_size=1mb, suggested_max_allocation_size=1mb, factors={es.unsafe.use_netty_default_chunk_and_page_size=false, g1gc_enabled=true, g1gc_region_size=4mb}]
[2022-07-30T01:00:55,025][INFO ][o.e.i.r.RecoverySettings ] [Adarshs-MacBook-Pro.local] using rate limit [40mb] with [default=40mb, read=0b, write=0b, max=0b]
[2022-07-30T01:00:55,072][INFO ][o.e.d.DiscoveryModule    ] [Adarshs-MacBook-Pro.local] using discovery type [zen] and seed hosts providers [settings]
[2022-07-30T01:00:55,572][INFO ][o.e.g.DanglingIndicesState] [Adarshs-MacBook-Pro.local] gateway.auto_import_dangling_indices is disabled, dangling indices will not be automatically detected or imported and must be managed manually
[2022-07-30T01:00:56,270][INFO ][o.e.n.Node               ] [Adarshs-MacBook-Pro.local] initialized
[2022-07-30T01:00:56,271][INFO ][o.e.n.Node               ] [Adarshs-MacBook-Pro.local] starting ...
[2022-07-30T01:00:56,315][INFO ][o.e.x.s.c.f.PersistentCache] [Adarshs-MacBook-Pro.local] persistent cache index loaded
[2022-07-30T01:00:56,318][INFO ][o.e.x.d.l.DeprecationIndexingComponent] [Adarshs-MacBook-Pro.local] deprecation component started
[2022-07-30T01:01:01,488][INFO ][o.e.t.TransportService   ] [Adarshs-MacBook-Pro.local] publish_address {127.0.0.1:9300}, bound_addresses {[::1]:9300}, {127.0.0.1:9300}
[2022-07-30T01:01:01,499][INFO ][o.e.x.m.Monitoring       ] [Adarshs-MacBook-Pro.local] creating template [.monitoring-alerts-7] with version [7]
[2022-07-30T01:01:01,505][INFO ][o.e.x.m.Monitoring       ] [Adarshs-MacBook-Pro.local] creating template [.monitoring-es] with version [7]
[2022-07-30T01:01:01,507][INFO ][o.e.x.m.Monitoring       ] [Adarshs-MacBook-Pro.local] creating template [.monitoring-kibana] with version [7]
[2022-07-30T01:01:01,509][INFO ][o.e.x.m.Monitoring       ] [Adarshs-MacBook-Pro.local] creating template [.monitoring-logstash] with version [7]
[2022-07-30T01:01:01,512][INFO ][o.e.x.m.Monitoring       ] [Adarshs-MacBook-Pro.local] creating template [.monitoring-beats] with version [7]
[2022-07-30T01:01:01,707][WARN ][o.e.b.BootstrapChecks    ] [Adarshs-MacBook-Pro.local] the default discovery settings are unsuitable for production use; at least one of [discovery.seed_hosts, discovery.seed_providers, cluster.initial_master_nodes] must be configured
[2022-07-30T01:01:01,721][INFO ][o.e.c.c.ClusterBootstrapService] [Adarshs-MacBook-Pro.local] no discovery configuration found, will perform best-effort cluster bootstrapping after [3s] unless existing master is discovered
[2022-07-30T01:01:04,765][INFO ][o.e.c.c.Coordinator      ] [Adarshs-MacBook-Pro.local] setting initial configuration to VotingConfiguration{Rp2_LchETZ-ImD5JesvU_A}
[2022-07-30T01:01:04,992][INFO ][o.e.c.s.MasterService    ] [Adarshs-MacBook-Pro.local] elected-as-master ([1] nodes joined)[{Adarshs-MacBook-Pro.local}{Rp2_LchETZ-ImD5JesvU_A}{LsJ306LARQmJsDP9X_CL4g}{127.0.0.1}{127.0.0.1:9300}{cdfhilmrstw} elect leader, _BECOME_MASTER_TASK_, _FINISH_ELECTION_], term: 1, version: 1, delta: master node changed {previous [], current [{Adarshs-MacBook-Pro.local}{Rp2_LchETZ-ImD5JesvU_A}{LsJ306LARQmJsDP9X_CL4g}{127.0.0.1}{127.0.0.1:9300}{cdfhilmrstw}]}
[2022-07-30T01:01:05,058][INFO ][o.e.c.c.CoordinationState] [Adarshs-MacBook-Pro.local] cluster UUID set to [gxusrv3VQLGQvUV0XlCdqQ]
[2022-07-30T01:01:05,109][INFO ][o.e.c.s.ClusterApplierService] [Adarshs-MacBook-Pro.local] master node changed {previous [], current [{Adarshs-MacBook-Pro.local}{Rp2_LchETZ-ImD5JesvU_A}{LsJ306LARQmJsDP9X_CL4g}{127.0.0.1}{127.0.0.1:9300}{cdfhilmrstw}]}, term: 1, version: 1, reason: Publication{term=1, version=1}
[2022-07-30T01:01:05,160][INFO ][o.e.h.AbstractHttpServerTransport] [Adarshs-MacBook-Pro.local] publish_address {127.0.0.1:9200}, bound_addresses {[::1]:9200}, {127.0.0.1:9200}
[2022-07-30T01:01:05,160][INFO ][o.e.n.Node               ] [Adarshs-MacBook-Pro.local] started
[2022-07-30T01:01:05,252][INFO ][o.e.g.GatewayService     ] [Adarshs-MacBook-Pro.local] recovered [0] indices into cluster_state
[2022-07-30T01:01:05,419][INFO ][o.e.c.m.MetadataIndexTemplateService] [Adarshs-MacBook-Pro.local] adding index template [.ml-state] for index patterns [.ml-state*]
[2022-07-30T01:01:05,522][INFO ][o.e.c.m.MetadataIndexTemplateService] [Adarshs-MacBook-Pro.local] adding index template [.ml-notifications-000002] for index patterns [.ml-notifications-000002]
[2022-07-30T01:01:05,603][INFO ][o.e.c.m.MetadataIndexTemplateService] [Adarshs-MacBook-Pro.local] adding index template [.ml-anomalies-] for index patterns [.ml-anomalies-*]
[2022-07-30T01:01:05,666][INFO ][o.e.c.m.MetadataIndexTemplateService] [Adarshs-MacBook-Pro.local] adding index template [.ml-stats] for index patterns [.ml-stats-*]
[2022-07-30T01:01:05,724][INFO ][o.e.c.m.MetadataIndexTemplateService] [Adarshs-MacBook-Pro.local] adding component template [synthetics-mappings]
[2022-07-30T01:01:05,794][INFO ][o.e.c.m.MetadataIndexTemplateService] [Adarshs-MacBook-Pro.local] adding component template [data-streams-mappings]
[2022-07-30T01:01:05,852][INFO ][o.e.c.m.MetadataIndexTemplateService] [Adarshs-MacBook-Pro.local] adding component template [synthetics-settings]
[2022-07-30T01:01:05,911][INFO ][o.e.c.m.MetadataIndexTemplateService] [Adarshs-MacBook-Pro.local] adding component template [logs-mappings]
[2022-07-30T01:01:05,969][INFO ][o.e.c.m.MetadataIndexTemplateService] [Adarshs-MacBook-Pro.local] adding component template [metrics-mappings]
[2022-07-30T01:01:06,020][INFO ][o.e.c.m.MetadataIndexTemplateService] [Adarshs-MacBook-Pro.local] adding component template [logs-settings]
[2022-07-30T01:01:06,076][INFO ][o.e.c.m.MetadataIndexTemplateService] [Adarshs-MacBook-Pro.local] adding component template [metrics-settings]
[2022-07-30T01:01:06,177][INFO ][o.e.c.m.MetadataIndexTemplateService] [Adarshs-MacBook-Pro.local] adding index template [.watch-history-13] for index patterns [.watcher-history-13*]
[2022-07-30T01:01:06,238][INFO ][o.e.c.m.MetadataIndexTemplateService] [Adarshs-MacBook-Pro.local] adding index template [ilm-history] for index patterns [ilm-history-5*]
[2022-07-30T01:01:06,297][INFO ][o.e.c.m.MetadataIndexTemplateService] [Adarshs-MacBook-Pro.local] adding index template [.slm-history] for index patterns [.slm-history-5*]
[2022-07-30T01:01:06,356][INFO ][o.e.c.m.MetadataIndexTemplateService] [Adarshs-MacBook-Pro.local] adding component template [.deprecation-indexing-mappings]
[2022-07-30T01:01:06,415][INFO ][o.e.c.m.MetadataIndexTemplateService] [Adarshs-MacBook-Pro.local] adding component template [.deprecation-indexing-settings]
[2022-07-30T01:01:06,471][INFO ][o.e.c.m.MetadataIndexTemplateService] [Adarshs-MacBook-Pro.local] adding index template [synthetics] for index patterns [synthetics-*-*]
[2022-07-30T01:01:06,526][INFO ][o.e.c.m.MetadataIndexTemplateService] [Adarshs-MacBook-Pro.local] adding index template [logs] for index patterns [logs-*-*]
[2022-07-30T01:01:06,583][INFO ][o.e.c.m.MetadataIndexTemplateService] [Adarshs-MacBook-Pro.local] adding index template [metrics] for index patterns [metrics-*-*]
[2022-07-30T01:01:06,639][INFO ][o.e.c.m.MetadataIndexTemplateService] [Adarshs-MacBook-Pro.local] adding index template [.deprecation-indexing-template] for index patterns [.logs-deprecation.*]
[2022-07-30T01:01:06,694][INFO ][o.e.x.i.a.TransportPutLifecycleAction] [Adarshs-MacBook-Pro.local] adding index lifecycle policy [ml-size-based-ilm-policy]
[2022-07-30T01:01:06,760][INFO ][o.e.x.i.a.TransportPutLifecycleAction] [Adarshs-MacBook-Pro.local] adding index lifecycle policy [synthetics]
[2022-07-30T01:01:06,812][INFO ][o.e.x.i.a.TransportPutLifecycleAction] [Adarshs-MacBook-Pro.local] adding index lifecycle policy [logs]
[2022-07-30T01:01:06,867][INFO ][o.e.x.i.a.TransportPutLifecycleAction] [Adarshs-MacBook-Pro.local] adding index lifecycle policy [metrics]
[2022-07-30T01:01:06,916][INFO ][o.e.x.i.a.TransportPutLifecycleAction] [Adarshs-MacBook-Pro.local] adding index lifecycle policy [7-days-default]
[2022-07-30T01:01:06,979][INFO ][o.e.x.i.a.TransportPutLifecycleAction] [Adarshs-MacBook-Pro.local] adding index lifecycle policy [365-days-default]
[2022-07-30T01:01:07,031][INFO ][o.e.x.i.a.TransportPutLifecycleAction] [Adarshs-MacBook-Pro.local] adding index lifecycle policy [30-days-default]
[2022-07-30T01:01:07,084][INFO ][o.e.x.i.a.TransportPutLifecycleAction] [Adarshs-MacBook-Pro.local] adding index lifecycle policy [90-days-default]
[2022-07-30T01:01:07,136][INFO ][o.e.x.i.a.TransportPutLifecycleAction] [Adarshs-MacBook-Pro.local] adding index lifecycle policy [180-days-default]
[2022-07-30T01:01:07,186][INFO ][o.e.x.i.a.TransportPutLifecycleAction] [Adarshs-MacBook-Pro.local] adding index lifecycle policy [watch-history-ilm-policy]
[2022-07-30T01:01:07,238][INFO ][o.e.x.i.a.TransportPutLifecycleAction] [Adarshs-MacBook-Pro.local] adding index lifecycle policy [ilm-history-ilm-policy]
[2022-07-30T01:01:07,292][INFO ][o.e.x.i.a.TransportPutLifecycleAction] [Adarshs-MacBook-Pro.local] adding index lifecycle policy [slm-history-ilm-policy]
[2022-07-30T01:01:07,347][INFO ][o.e.x.i.a.TransportPutLifecycleAction] [Adarshs-MacBook-Pro.local] adding index lifecycle policy [.deprecation-indexing-ilm-policy]
[2022-07-30T01:01:07,399][INFO ][o.e.x.i.a.TransportPutLifecycleAction] [Adarshs-MacBook-Pro.local] adding index lifecycle policy [.fleet-actions-results-ilm-policy]
[2022-07-30T01:01:07,515][INFO ][o.e.i.g.GeoIpDownloader  ] [Adarshs-MacBook-Pro.local] updating geoip databases
[2022-07-30T01:01:07,515][INFO ][o.e.i.g.GeoIpDownloader  ] [Adarshs-MacBook-Pro.local] fetching geoip databases overview from [https://geoip.elastic.co/v1/database?elastic_geoip_service_tos=agree]
[2022-07-30T01:01:07,606][INFO ][o.e.l.LicenseService     ] [Adarshs-MacBook-Pro.local] license [e6717280-aaa7-4f38-b74a-10b8a14f8e69] mode [basic] - valid
[2022-07-30T01:01:07,608][INFO ][o.e.x.s.s.SecurityStatusChangeListener] [Adarshs-MacBook-Pro.local] Active license is now [BASIC]; Security is disabled
[2022-07-30T01:01:07,609][WARN ][o.e.x.s.s.SecurityStatusChangeListener] [Adarshs-MacBook-Pro.local] Elasticsearch built-in security features are not enabled. Without authentication, your cluster could be accessible to anyone. See https://www.elastic.co/guide/en/elasticsearch/reference/7.17/security-minimal-setup.html to enable security.
[2022-07-30T01:01:09,385][INFO ][o.e.c.m.MetadataCreateIndexService] [Adarshs-MacBook-Pro.local] [.ds-.logs-deprecation.elasticsearch-default-2022.07.29-000001] creating index, cause [initialize_data_stream], templates [.deprecation-indexing-template], shards [1]/[1]
[2022-07-30T01:01:09,394][INFO ][o.e.c.r.a.AllocationService] [Adarshs-MacBook-Pro.local] updating number_of_replicas to [0] for indices [.ds-.logs-deprecation.elasticsearch-default-2022.07.29-000001]
[2022-07-30T01:01:09,406][INFO ][o.e.c.m.MetadataCreateDataStreamService] [Adarshs-MacBook-Pro.local] adding data stream [.logs-deprecation.elasticsearch-default] with write index [.ds-.logs-deprecation.elasticsearch-default-2022.07.29-000001], backing indices [], and aliases []
[2022-07-30T01:01:09,555][INFO ][o.e.x.i.IndexLifecycleTransition] [Adarshs-MacBook-Pro.local] moving index [.ds-.logs-deprecation.elasticsearch-default-2022.07.29-000001] from [null] to [{"phase":"new","action":"complete","name":"complete"}] in policy [.deprecation-indexing-ilm-policy]
[2022-07-30T01:01:09,663][INFO ][o.e.x.i.IndexLifecycleTransition] [Adarshs-MacBook-Pro.local] moving index [.ds-.logs-deprecation.elasticsearch-default-2022.07.29-000001] from [{"phase":"new","action":"complete","name":"complete"}] to [{"phase":"hot","action":"unfollow","name":"branch-check-unfollow-prerequisites"}] in policy [.deprecation-indexing-ilm-policy]
[2022-07-30T01:01:09,782][INFO ][o.e.x.i.IndexLifecycleTransition] [Adarshs-MacBook-Pro.local] moving index [.ds-.logs-deprecation.elasticsearch-default-2022.07.29-000001] from [{"phase":"hot","action":"unfollow","name":"branch-check-unfollow-prerequisites"}] to [{"phase":"hot","action":"rollover","name":"check-rollover-ready"}] in policy [.deprecation-indexing-ilm-policy]
[2022-07-30T01:01:09,909][INFO ][o.e.c.m.MetadataCreateIndexService] [Adarshs-MacBook-Pro.local] [.geoip_databases] creating index, cause [auto(bulk api)], templates [], shards [1]/[0]
[2022-07-30T01:01:10,247][INFO ][o.e.c.r.a.AllocationService] [Adarshs-MacBook-Pro.local] Cluster health status changed from [YELLOW] to [GREEN] (reason: [shards started [[.geoip_databases][0]]]).
[2022-07-30T01:01:10,306][INFO ][o.e.c.m.MetadataMappingService] [Adarshs-MacBook-Pro.local] [.ds-.logs-deprecation.elasticsearch-default-2022.07.29-000001/hfxnizIAStexIh3Gzjdo-A] update_mapping [_doc]
[2022-07-30T01:01:11,018][INFO ][o.e.i.g.DatabaseNodeService] [Adarshs-MacBook-Pro.local] retrieve geoip database [GeoLite2-ASN.mmdb] from [.geoip_databases] to [/var/folders/7g/53424vt14g72yfdgy4c718ww0000gn/T/elasticsearch-8031648567968376812/geoip-databases/Rp2_LchETZ-ImD5JesvU_A/GeoLite2-ASN.mmdb.tmp.gz]
[2022-07-30T01:01:11,029][INFO ][o.e.i.g.GeoIpDownloader  ] [Adarshs-MacBook-Pro.local] successfully downloaded geoip database [GeoLite2-ASN.mmdb]
[2022-07-30T01:01:11,199][INFO ][o.e.i.g.DatabaseNodeService] [Adarshs-MacBook-Pro.local] successfully reloaded changed geoip database file [/var/folders/7g/53424vt14g72yfdgy4c718ww0000gn/T/elasticsearch-8031648567968376812/geoip-databases/Rp2_LchETZ-ImD5JesvU_A/GeoLite2-ASN.mmdb]
[2022-07-30T01:01:14,420][INFO ][o.e.c.m.MetadataCreateIndexService] [Adarshs-MacBook-Pro.local] [.ds-ilm-history-5-2022.07.29-000001] creating index, cause [initialize_data_stream], templates [ilm-history], shards [1]/[0]
[2022-07-30T01:01:14,421][INFO ][o.e.c.m.MetadataCreateDataStreamService] [Adarshs-MacBook-Pro.local] adding data stream [ilm-history-5] with write index [.ds-ilm-history-5-2022.07.29-000001], backing indices [], and aliases []
[2022-07-30T01:01:14,606][INFO ][o.e.x.i.IndexLifecycleTransition] [Adarshs-MacBook-Pro.local] moving index [.ds-ilm-history-5-2022.07.29-000001] from [null] to [{"phase":"new","action":"complete","name":"complete"}] in policy [ilm-history-ilm-policy]
[2022-07-30T01:01:14,873][INFO ][o.e.i.g.DatabaseNodeService] [Adarshs-MacBook-Pro.local] retrieve geoip database [GeoLite2-City.mmdb] from [.geoip_databases] to [/var/folders/7g/53424vt14g72yfdgy4c718ww0000gn/T/elasticsearch-8031648567968376812/geoip-databases/Rp2_LchETZ-ImD5JesvU_A/GeoLite2-City.mmdb.tmp.gz]
[2022-07-30T01:01:14,882][INFO ][o.e.i.g.GeoIpDownloader  ] [Adarshs-MacBook-Pro.local] successfully downloaded geoip database [GeoLite2-City.mmdb]
[2022-07-30T01:01:14,883][INFO ][o.e.c.r.a.AllocationService] [Adarshs-MacBook-Pro.local] Cluster health status changed from [YELLOW] to [GREEN] (reason: [shards started [[.ds-ilm-history-5-2022.07.29-000001][0]]]).
[2022-07-30T01:01:15,154][INFO ][o.e.x.i.IndexLifecycleTransition] [Adarshs-MacBook-Pro.local] moving index [.ds-ilm-history-5-2022.07.29-000001] from [{"phase":"new","action":"complete","name":"complete"}] to [{"phase":"hot","action":"unfollow","name":"branch-check-unfollow-prerequisites"}] in policy [ilm-history-ilm-policy]
[2022-07-30T01:01:15,354][INFO ][o.e.x.i.IndexLifecycleTransition] [Adarshs-MacBook-Pro.local] moving index [.ds-ilm-history-5-2022.07.29-000001] from [{"phase":"hot","action":"unfollow","name":"branch-check-unfollow-prerequisites"}] to [{"phase":"hot","action":"rollover","name":"check-rollover-ready"}] in policy [ilm-history-ilm-policy]
[2022-07-30T01:01:15,880][INFO ][o.e.i.g.DatabaseNodeService] [Adarshs-MacBook-Pro.local] successfully reloaded changed geoip database file [/var/folders/7g/53424vt14g72yfdgy4c718ww0000gn/T/elasticsearch-8031648567968376812/geoip-databases/Rp2_LchETZ-ImD5JesvU_A/GeoLite2-City.mmdb]
[2022-07-30T01:01:15,984][INFO ][o.e.i.g.DatabaseNodeService] [Adarshs-MacBook-Pro.local] retrieve geoip database [GeoLite2-Country.mmdb] from [.geoip_databases] to [/var/folders/7g/53424vt14g72yfdgy4c718ww0000gn/T/elasticsearch-8031648567968376812/geoip-databases/Rp2_LchETZ-ImD5JesvU_A/GeoLite2-Country.mmdb.tmp.gz]
[2022-07-30T01:01:15,994][INFO ][o.e.i.g.GeoIpDownloader  ] [Adarshs-MacBook-Pro.local] successfully downloaded geoip database [GeoLite2-Country.mmdb]
[2022-07-30T01:01:16,055][INFO ][o.e.i.g.DatabaseNodeService] [Adarshs-MacBook-Pro.local] successfully reloaded changed geoip database file [/var/folders/7g/53424vt14g72yfdgy4c718ww0000gn/T/elasticsearch-8031648567968376812/geoip-databases/Rp2_LchETZ-ImD5JesvU_A/GeoLite2-Country.mmdb]
[2022-07-30T01:07:25,857][INFO ][o.e.c.m.MetadataCreateIndexService] [Adarshs-MacBook-Pro.local] [productindex] creating index, cause [api], templates [], shards [2]/[1]
[2022-07-30T01:17:32,622][INFO ][o.e.n.Node               ] [Adarshs-MacBook-Pro.local] stopping ...
[2022-07-30T01:17:32,639][INFO ][o.e.x.w.WatcherService   ] [Adarshs-MacBook-Pro.local] stopping watch service, reason [shutdown initiated]
[2022-07-30T01:17:32,639][INFO ][o.e.x.m.p.l.CppLogMessageHandler] [Adarshs-MacBook-Pro.local] [controller/4998] [Main.cc@174] ML controller exiting
[2022-07-30T01:17:32,649][INFO ][o.e.x.w.WatcherLifeCycleService] [Adarshs-MacBook-Pro.local] watcher has stopped and shutdown
[2022-07-30T01:17:32,667][INFO ][o.e.x.m.p.NativeController] [Adarshs-MacBook-Pro.local] Native controller process has stopped - no new native processes can be started
[2022-07-30T01:17:32,887][INFO ][o.e.n.Node               ] [Adarshs-MacBook-Pro.local] stopped
[2022-07-30T01:17:32,888][INFO ][o.e.n.Node               ] [Adarshs-MacBook-Pro.local] closing ...
[2022-07-30T01:17:32,903][INFO ][o.e.i.g.DatabaseReaderLazyLoader] [Adarshs-MacBook-Pro.local] evicted [0] entries from cache after reloading database [/var/folders/7g/53424vt14g72yfdgy4c718ww0000gn/T/elasticsearch-8031648567968376812/geoip-databases/Rp2_LchETZ-ImD5JesvU_A/GeoLite2-Country.mmdb]
[2022-07-30T01:17:32,904][INFO ][o.e.i.g.DatabaseReaderLazyLoader] [Adarshs-MacBook-Pro.local] evicted [0] entries from cache after reloading database [/var/folders/7g/53424vt14g72yfdgy4c718ww0000gn/T/elasticsearch-8031648567968376812/geoip-databases/Rp2_LchETZ-ImD5JesvU_A/GeoLite2-ASN.mmdb]
[2022-07-30T01:17:32,904][INFO ][o.e.i.g.DatabaseReaderLazyLoader] [Adarshs-MacBook-Pro.local] evicted [0] entries from cache after reloading database [/var/folders/7g/53424vt14g72yfdgy4c718ww0000gn/T/elasticsearch-8031648567968376812/geoip-databases/Rp2_LchETZ-ImD5JesvU_A/GeoLite2-City.mmdb]
[2022-07-30T01:17:32,906][INFO ][o.e.n.Node               ] [Adarshs-MacBook-Pro.local] closed
[2022-07-30T10:49:34,244][INFO ][o.e.n.Node               ] [Adarshs-MacBook-Pro.local] version[7.17.4], pid[433], build[default/tar/79878662c54c886ae89206c685d9f1051a9d6411/2022-05-18T18:04:20.964345128Z], OS[Mac OS X/10.15.7/x86_64], JVM[Oracle Corporation/OpenJDK 64-Bit Server VM/18.0.1.1/18.0.1.1+2-6]
[2022-07-30T10:49:34,249][INFO ][o.e.n.Node               ] [Adarshs-MacBook-Pro.local] JVM home [/usr/local/Cellar/elasticsearch-full/7.17.4/libexec/jdk.app/Contents/Home], using bundled JDK [true]
[2022-07-30T10:49:34,249][INFO ][o.e.n.Node               ] [Adarshs-MacBook-Pro.local] JVM arguments [-Xshare:auto, -Des.networkaddress.cache.ttl=60, -Des.networkaddress.cache.negative.ttl=10, -XX:+AlwaysPreTouch, -Xss1m, -Djava.awt.headless=true, -Dfile.encoding=UTF-8, -Djna.nosys=true, -XX:-OmitStackTraceInFastThrow, -XX:+ShowCodeDetailsInExceptionMessages, -Dio.netty.noUnsafe=true, -Dio.netty.noKeySetOptimization=true, -Dio.netty.recycler.maxCapacityPerThread=0, -Dio.netty.allocator.numDirectArenas=0, -Dlog4j.shutdownHookEnabled=false, -Dlog4j2.disable.jmx=true, -Dlog4j2.formatMsgNoLookups=true, -Djava.locale.providers=SPI,COMPAT, --add-opens=java.base/java.io=ALL-UNNAMED, -Djava.security.manager=allow, -XX:+UseG1GC, -Djava.io.tmpdir=/var/folders/7g/53424vt14g72yfdgy4c718ww0000gn/T/elasticsearch-4441117869741689291, -XX:+HeapDumpOnOutOfMemoryError, -XX:+ExitOnOutOfMemoryError, -XX:HeapDumpPath=data, -XX:ErrorFile=logs/hs_err_pid%p.log, -Xlog:gc*,gc+age=trace,safepoint:file=/usr/local/var/log/elasticsearch/gc.log:utctime,pid,tags:filecount=32,filesize=64m, -Xms8192m, -Xmx8192m, -XX:MaxDirectMemorySize=4294967296, -XX:InitiatingHeapOccupancyPercent=30, -XX:G1ReservePercent=25, -Des.path.home=/usr/local/Cellar/elasticsearch-full/7.17.4/libexec, -Des.path.conf=/usr/local/etc/elasticsearch, -Des.distribution.flavor=default, -Des.distribution.type=tar, -Des.bundled_jdk=true]
[2022-07-30T10:49:37,255][INFO ][o.e.p.PluginsService     ] [Adarshs-MacBook-Pro.local] loaded module [aggs-matrix-stats]
[2022-07-30T10:49:37,256][INFO ][o.e.p.PluginsService     ] [Adarshs-MacBook-Pro.local] loaded module [analysis-common]
[2022-07-30T10:49:37,256][INFO ][o.e.p.PluginsService     ] [Adarshs-MacBook-Pro.local] loaded module [constant-keyword]
[2022-07-30T10:49:37,256][INFO ][o.e.p.PluginsService     ] [Adarshs-MacBook-Pro.local] loaded module [frozen-indices]
[2022-07-30T10:49:37,257][INFO ][o.e.p.PluginsService     ] [Adarshs-MacBook-Pro.local] loaded module [ingest-common]
[2022-07-30T10:49:37,257][INFO ][o.e.p.PluginsService     ] [Adarshs-MacBook-Pro.local] loaded module [ingest-geoip]
[2022-07-30T10:49:37,257][INFO ][o.e.p.PluginsService     ] [Adarshs-MacBook-Pro.local] loaded module [ingest-user-agent]
[2022-07-30T10:49:37,257][INFO ][o.e.p.PluginsService     ] [Adarshs-MacBook-Pro.local] loaded module [kibana]
[2022-07-30T10:49:37,258][INFO ][o.e.p.PluginsService     ] [Adarshs-MacBook-Pro.local] loaded module [lang-expression]
[2022-07-30T10:49:37,258][INFO ][o.e.p.PluginsService     ] [Adarshs-MacBook-Pro.local] loaded module [lang-mustache]
[2022-07-30T10:49:37,258][INFO ][o.e.p.PluginsService     ] [Adarshs-MacBook-Pro.local] loaded module [lang-painless]
[2022-07-30T10:49:37,258][INFO ][o.e.p.PluginsService     ] [Adarshs-MacBook-Pro.local] loaded module [legacy-geo]
[2022-07-30T10:49:37,259][INFO ][o.e.p.PluginsService     ] [Adarshs-MacBook-Pro.local] loaded module [mapper-extras]
[2022-07-30T10:49:37,259][INFO ][o.e.p.PluginsService     ] [Adarshs-MacBook-Pro.local] loaded module [mapper-version]
[2022-07-30T10:49:37,259][INFO ][o.e.p.PluginsService     ] [Adarshs-MacBook-Pro.local] loaded module [parent-join]
[2022-07-30T10:49:37,259][INFO ][o.e.p.PluginsService     ] [Adarshs-MacBook-Pro.local] loaded module [percolator]
[2022-07-30T10:49:37,260][INFO ][o.e.p.PluginsService     ] [Adarshs-MacBook-Pro.local] loaded module [rank-eval]
[2022-07-30T10:49:37,260][INFO ][o.e.p.PluginsService     ] [Adarshs-MacBook-Pro.local] loaded module [reindex]
[2022-07-30T10:49:37,260][INFO ][o.e.p.PluginsService     ] [Adarshs-MacBook-Pro.local] loaded module [repositories-metering-api]
[2022-07-30T10:49:37,260][INFO ][o.e.p.PluginsService     ] [Adarshs-MacBook-Pro.local] loaded module [repository-encrypted]
[2022-07-30T10:49:37,260][INFO ][o.e.p.PluginsService     ] [Adarshs-MacBook-Pro.local] loaded module [repository-url]
[2022-07-30T10:49:37,261][INFO ][o.e.p.PluginsService     ] [Adarshs-MacBook-Pro.local] loaded module [runtime-fields-common]
[2022-07-30T10:49:37,261][INFO ][o.e.p.PluginsService     ] [Adarshs-MacBook-Pro.local] loaded module [search-business-rules]
[2022-07-30T10:49:37,261][INFO ][o.e.p.PluginsService     ] [Adarshs-MacBook-Pro.local] loaded module [searchable-snapshots]
[2022-07-30T10:49:37,262][INFO ][o.e.p.PluginsService     ] [Adarshs-MacBook-Pro.local] loaded module [snapshot-repo-test-kit]
[2022-07-30T10:49:37,262][INFO ][o.e.p.PluginsService     ] [Adarshs-MacBook-Pro.local] loaded module [spatial]
[2022-07-30T10:49:37,262][INFO ][o.e.p.PluginsService     ] [Adarshs-MacBook-Pro.local] loaded module [transform]
[2022-07-30T10:49:37,262][INFO ][o.e.p.PluginsService     ] [Adarshs-MacBook-Pro.local] loaded module [transport-netty4]
[2022-07-30T10:49:37,262][INFO ][o.e.p.PluginsService     ] [Adarshs-MacBook-Pro.local] loaded module [unsigned-long]
[2022-07-30T10:49:37,263][INFO ][o.e.p.PluginsService     ] [Adarshs-MacBook-Pro.local] loaded module [vector-tile]
[2022-07-30T10:49:37,263][INFO ][o.e.p.PluginsService     ] [Adarshs-MacBook-Pro.local] loaded module [vectors]
[2022-07-30T10:49:37,263][INFO ][o.e.p.PluginsService     ] [Adarshs-MacBook-Pro.local] loaded module [wildcard]
[2022-07-30T10:49:37,263][INFO ][o.e.p.PluginsService     ] [Adarshs-MacBook-Pro.local] loaded module [x-pack-aggregate-metric]
[2022-07-30T10:49:37,264][INFO ][o.e.p.PluginsService     ] [Adarshs-MacBook-Pro.local] loaded module [x-pack-analytics]
[2022-07-30T10:49:37,264][INFO ][o.e.p.PluginsService     ] [Adarshs-MacBook-Pro.local] loaded module [x-pack-async]
[2022-07-30T10:49:37,264][INFO ][o.e.p.PluginsService     ] [Adarshs-MacBook-Pro.local] loaded module [x-pack-async-search]
[2022-07-30T10:49:37,264][INFO ][o.e.p.PluginsService     ] [Adarshs-MacBook-Pro.local] loaded module [x-pack-autoscaling]
[2022-07-30T10:49:37,264][INFO ][o.e.p.PluginsService     ] [Adarshs-MacBook-Pro.local] loaded module [x-pack-ccr]
[2022-07-30T10:49:37,265][INFO ][o.e.p.PluginsService     ] [Adarshs-MacBook-Pro.local] loaded module [x-pack-core]
[2022-07-30T10:49:37,265][INFO ][o.e.p.PluginsService     ] [Adarshs-MacBook-Pro.local] loaded module [x-pack-data-streams]
[2022-07-30T10:49:37,265][INFO ][o.e.p.PluginsService     ] [Adarshs-MacBook-Pro.local] loaded module [x-pack-deprecation]
[2022-07-30T10:49:37,265][INFO ][o.e.p.PluginsService     ] [Adarshs-MacBook-Pro.local] loaded module [x-pack-enrich]
[2022-07-30T10:49:37,266][INFO ][o.e.p.PluginsService     ] [Adarshs-MacBook-Pro.local] loaded module [x-pack-eql]
[2022-07-30T10:49:37,266][INFO ][o.e.p.PluginsService     ] [Adarshs-MacBook-Pro.local] loaded module [x-pack-fleet]
[2022-07-30T10:49:37,266][INFO ][o.e.p.PluginsService     ] [Adarshs-MacBook-Pro.local] loaded module [x-pack-graph]
[2022-07-30T10:49:37,266][INFO ][o.e.p.PluginsService     ] [Adarshs-MacBook-Pro.local] loaded module [x-pack-identity-provider]
[2022-07-30T10:49:37,266][INFO ][o.e.p.PluginsService     ] [Adarshs-MacBook-Pro.local] loaded module [x-pack-ilm]
[2022-07-30T10:49:37,267][INFO ][o.e.p.PluginsService     ] [Adarshs-MacBook-Pro.local] loaded module [x-pack-logstash]
[2022-07-30T10:49:37,267][INFO ][o.e.p.PluginsService     ] [Adarshs-MacBook-Pro.local] loaded module [x-pack-ml]
[2022-07-30T10:49:37,267][INFO ][o.e.p.PluginsService     ] [Adarshs-MacBook-Pro.local] loaded module [x-pack-monitoring]
[2022-07-30T10:49:37,267][INFO ][o.e.p.PluginsService     ] [Adarshs-MacBook-Pro.local] loaded module [x-pack-ql]
[2022-07-30T10:49:37,267][INFO ][o.e.p.PluginsService     ] [Adarshs-MacBook-Pro.local] loaded module [x-pack-rollup]
[2022-07-30T10:49:37,268][INFO ][o.e.p.PluginsService     ] [Adarshs-MacBook-Pro.local] loaded module [x-pack-security]
[2022-07-30T10:49:37,268][INFO ][o.e.p.PluginsService     ] [Adarshs-MacBook-Pro.local] loaded module [x-pack-shutdown]
[2022-07-30T10:49:37,268][INFO ][o.e.p.PluginsService     ] [Adarshs-MacBook-Pro.local] loaded module [x-pack-sql]
[2022-07-30T10:49:37,268][INFO ][o.e.p.PluginsService     ] [Adarshs-MacBook-Pro.local] loaded module [x-pack-stack]
[2022-07-30T10:49:37,269][INFO ][o.e.p.PluginsService     ] [Adarshs-MacBook-Pro.local] loaded module [x-pack-text-structure]
[2022-07-30T10:49:37,269][INFO ][o.e.p.PluginsService     ] [Adarshs-MacBook-Pro.local] loaded module [x-pack-voting-only-node]
[2022-07-30T10:49:37,269][INFO ][o.e.p.PluginsService     ] [Adarshs-MacBook-Pro.local] loaded module [x-pack-watcher]
[2022-07-30T10:49:37,270][INFO ][o.e.p.PluginsService     ] [Adarshs-MacBook-Pro.local] no plugins loaded
[2022-07-30T10:49:37,310][INFO ][o.e.e.NodeEnvironment    ] [Adarshs-MacBook-Pro.local] using [1] data paths, mounts [[/System/Volumes/Data (/dev/disk1s2)]], net usable_space [395.8gb], net total_space [465.7gb], types [apfs]
[2022-07-30T10:49:37,311][INFO ][o.e.e.NodeEnvironment    ] [Adarshs-MacBook-Pro.local] heap size [8gb], compressed ordinary object pointers [true]
[2022-07-30T10:49:37,436][INFO ][o.e.n.Node               ] [Adarshs-MacBook-Pro.local] node name [Adarshs-MacBook-Pro.local], node ID [Rp2_LchETZ-ImD5JesvU_A], cluster name [ecommerce], roles [transform, data_frozen, master, remote_cluster_client, data, ml, data_content, data_hot, data_warm, data_cold, ingest]
[2022-07-30T10:49:46,516][INFO ][o.e.x.m.p.l.CppLogMessageHandler] [Adarshs-MacBook-Pro.local] [controller/1190] [Main.cc@122] controller (64 bit): Version 7.17.4 (Build 57e42dc012e06b) Copyright (c) 2022 Elasticsearch BV
[2022-07-30T10:49:46,995][INFO ][o.e.x.s.a.s.FileRolesStore] [Adarshs-MacBook-Pro.local] parsed [0] roles from file [/usr/local/etc/elasticsearch/roles.yml]
[2022-07-30T10:49:47,935][INFO ][o.e.i.g.ConfigDatabases  ] [Adarshs-MacBook-Pro.local] initialized default databases [[GeoLite2-Country.mmdb, GeoLite2-City.mmdb, GeoLite2-ASN.mmdb]], config databases [[]] and watching [/usr/local/etc/elasticsearch/ingest-geoip] for changes
[2022-07-30T10:49:47,936][INFO ][o.e.i.g.DatabaseNodeService] [Adarshs-MacBook-Pro.local] initialized database registry, using geoip-databases directory [/var/folders/7g/53424vt14g72yfdgy4c718ww0000gn/T/elasticsearch-4441117869741689291/geoip-databases/Rp2_LchETZ-ImD5JesvU_A]
[2022-07-30T10:49:50,765][INFO ][o.e.t.NettyAllocator     ] [Adarshs-MacBook-Pro.local] creating NettyAllocator with the following configs: [name=elasticsearch_configured, chunk_size=1mb, suggested_max_allocation_size=1mb, factors={es.unsafe.use_netty_default_chunk_and_page_size=false, g1gc_enabled=true, g1gc_region_size=4mb}]
[2022-07-30T10:49:50,798][INFO ][o.e.i.r.RecoverySettings ] [Adarshs-MacBook-Pro.local] using rate limit [40mb] with [default=40mb, read=0b, write=0b, max=0b]
[2022-07-30T10:49:50,863][INFO ][o.e.d.DiscoveryModule    ] [Adarshs-MacBook-Pro.local] using discovery type [zen] and seed hosts providers [settings]
[2022-07-30T10:49:51,387][INFO ][o.e.g.DanglingIndicesState] [Adarshs-MacBook-Pro.local] gateway.auto_import_dangling_indices is disabled, dangling indices will not be automatically detected or imported and must be managed manually
[2022-07-30T10:49:52,039][INFO ][o.e.n.Node               ] [Adarshs-MacBook-Pro.local] initialized
[2022-07-30T10:49:52,040][INFO ][o.e.n.Node               ] [Adarshs-MacBook-Pro.local] starting ...
[2022-07-30T10:49:52,081][INFO ][o.e.x.s.c.f.PersistentCache] [Adarshs-MacBook-Pro.local] persistent cache index loaded
[2022-07-30T10:49:52,082][INFO ][o.e.x.d.l.DeprecationIndexingComponent] [Adarshs-MacBook-Pro.local] deprecation component started
[2022-07-30T10:49:57,248][INFO ][o.e.t.TransportService   ] [Adarshs-MacBook-Pro.local] publish_address {127.0.0.1:9300}, bound_addresses {[::1]:9300}, {127.0.0.1:9300}
[2022-07-30T10:49:57,598][WARN ][o.e.b.BootstrapChecks    ] [Adarshs-MacBook-Pro.local] the default discovery settings are unsuitable for production use; at least one of [discovery.seed_hosts, discovery.seed_providers, cluster.initial_master_nodes] must be configured
[2022-07-30T10:49:57,599][INFO ][o.e.c.c.Coordinator      ] [Adarshs-MacBook-Pro.local] cluster UUID [gxusrv3VQLGQvUV0XlCdqQ]
[2022-07-30T10:49:57,610][INFO ][o.e.c.c.ClusterBootstrapService] [Adarshs-MacBook-Pro.local] no discovery configuration found, will perform best-effort cluster bootstrapping after [3s] unless existing master is discovered
[2022-07-30T10:49:57,769][INFO ][o.e.c.s.MasterService    ] [Adarshs-MacBook-Pro.local] elected-as-master ([1] nodes joined)[{Adarshs-MacBook-Pro.local}{Rp2_LchETZ-ImD5JesvU_A}{IHC13wqcTX-AoleysIgaPg}{127.0.0.1}{127.0.0.1:9300}{cdfhilmrstw} elect leader, _BECOME_MASTER_TASK_, _FINISH_ELECTION_], term: 2, version: 62, delta: master node changed {previous [], current [{Adarshs-MacBook-Pro.local}{Rp2_LchETZ-ImD5JesvU_A}{IHC13wqcTX-AoleysIgaPg}{127.0.0.1}{127.0.0.1:9300}{cdfhilmrstw}]}
[2022-07-30T10:49:57,855][INFO ][o.e.c.s.ClusterApplierService] [Adarshs-MacBook-Pro.local] master node changed {previous [], current [{Adarshs-MacBook-Pro.local}{Rp2_LchETZ-ImD5JesvU_A}{IHC13wqcTX-AoleysIgaPg}{127.0.0.1}{127.0.0.1:9300}{cdfhilmrstw}]}, term: 2, version: 62, reason: Publication{term=2, version=62}
[2022-07-30T10:49:57,904][INFO ][o.e.h.AbstractHttpServerTransport] [Adarshs-MacBook-Pro.local] publish_address {127.0.0.1:9200}, bound_addresses {[::1]:9200}, {127.0.0.1:9200}
[2022-07-30T10:49:57,905][INFO ][o.e.n.Node               ] [Adarshs-MacBook-Pro.local] started
[2022-07-30T10:49:58,192][INFO ][o.e.l.LicenseService     ] [Adarshs-MacBook-Pro.local] license [e6717280-aaa7-4f38-b74a-10b8a14f8e69] mode [basic] - valid
[2022-07-30T10:49:58,194][INFO ][o.e.x.s.s.SecurityStatusChangeListener] [Adarshs-MacBook-Pro.local] Active license is now [BASIC]; Security is disabled
[2022-07-30T10:49:58,194][WARN ][o.e.x.s.s.SecurityStatusChangeListener] [Adarshs-MacBook-Pro.local] Elasticsearch built-in security features are not enabled. Without authentication, your cluster could be accessible to anyone. See https://www.elastic.co/guide/en/elasticsearch/reference/7.17/security-minimal-setup.html to enable security.
[2022-07-30T10:49:58,201][INFO ][o.e.g.GatewayService     ] [Adarshs-MacBook-Pro.local] recovered [4] indices into cluster_state
[2022-07-30T10:49:58,846][INFO ][o.e.i.g.GeoIpDownloader  ] [Adarshs-MacBook-Pro.local] updating geoip databases
[2022-07-30T10:49:58,846][INFO ][o.e.i.g.GeoIpDownloader  ] [Adarshs-MacBook-Pro.local] fetching geoip databases overview from [https://geoip.elastic.co/v1/database?elastic_geoip_service_tos=agree]
[2022-07-30T10:49:58,966][INFO ][o.e.i.g.DatabaseNodeService] [Adarshs-MacBook-Pro.local] retrieve geoip database [GeoLite2-Country.mmdb] from [.geoip_databases] to [/var/folders/7g/53424vt14g72yfdgy4c718ww0000gn/T/elasticsearch-4441117869741689291/geoip-databases/Rp2_LchETZ-ImD5JesvU_A/GeoLite2-Country.mmdb.tmp.gz]
[2022-07-30T10:49:58,968][INFO ][o.e.i.g.DatabaseNodeService] [Adarshs-MacBook-Pro.local] retrieve geoip database [GeoLite2-ASN.mmdb] from [.geoip_databases] to [/var/folders/7g/53424vt14g72yfdgy4c718ww0000gn/T/elasticsearch-4441117869741689291/geoip-databases/Rp2_LchETZ-ImD5JesvU_A/GeoLite2-ASN.mmdb.tmp.gz]
[2022-07-30T10:49:58,968][INFO ][o.e.i.g.DatabaseNodeService] [Adarshs-MacBook-Pro.local] retrieve geoip database [GeoLite2-City.mmdb] from [.geoip_databases] to [/var/folders/7g/53424vt14g72yfdgy4c718ww0000gn/T/elasticsearch-4441117869741689291/geoip-databases/Rp2_LchETZ-ImD5JesvU_A/GeoLite2-City.mmdb.tmp.gz]
[2022-07-30T10:49:59,184][INFO ][o.e.c.r.a.AllocationService] [Adarshs-MacBook-Pro.local] Cluster health status changed from [RED] to [YELLOW] (reason: [shards started [[.ds-.logs-deprecation.elasticsearch-default-2022.07.29-000001][0]]]).
[2022-07-30T10:49:59,269][INFO ][o.e.i.g.DatabaseNodeService] [Adarshs-MacBook-Pro.local] successfully reloaded changed geoip database file [/var/folders/7g/53424vt14g72yfdgy4c718ww0000gn/T/elasticsearch-4441117869741689291/geoip-databases/Rp2_LchETZ-ImD5JesvU_A/GeoLite2-Country.mmdb]
[2022-07-30T10:49:59,318][INFO ][o.e.i.g.DatabaseNodeService] [Adarshs-MacBook-Pro.local] successfully reloaded changed geoip database file [/var/folders/7g/53424vt14g72yfdgy4c718ww0000gn/T/elasticsearch-4441117869741689291/geoip-databases/Rp2_LchETZ-ImD5JesvU_A/GeoLite2-ASN.mmdb]
[2022-07-30T10:50:00,075][INFO ][o.e.i.g.DatabaseNodeService] [Adarshs-MacBook-Pro.local] successfully reloaded changed geoip database file [/var/folders/7g/53424vt14g72yfdgy4c718ww0000gn/T/elasticsearch-4441117869741689291/geoip-databases/Rp2_LchETZ-ImD5JesvU_A/GeoLite2-City.mmdb]
[2022-07-30T10:50:01,898][INFO ][o.e.i.g.DatabaseNodeService] [Adarshs-MacBook-Pro.local] retrieve geoip database [GeoLite2-ASN.mmdb] from [.geoip_databases] to [/var/folders/7g/53424vt14g72yfdgy4c718ww0000gn/T/elasticsearch-4441117869741689291/geoip-databases/Rp2_LchETZ-ImD5JesvU_A/GeoLite2-ASN.mmdb.tmp.gz]
[2022-07-30T10:50:01,910][INFO ][o.e.i.g.GeoIpDownloader  ] [Adarshs-MacBook-Pro.local] successfully downloaded geoip database [GeoLite2-ASN.mmdb]
[2022-07-30T10:50:02,013][INFO ][o.e.i.g.DatabaseReaderLazyLoader] [Adarshs-MacBook-Pro.local] evicted [0] entries from cache after reloading database [/var/folders/7g/53424vt14g72yfdgy4c718ww0000gn/T/elasticsearch-4441117869741689291/geoip-databases/Rp2_LchETZ-ImD5JesvU_A/GeoLite2-ASN.mmdb]
[2022-07-30T10:50:02,014][INFO ][o.e.i.g.DatabaseNodeService] [Adarshs-MacBook-Pro.local] successfully reloaded changed geoip database file [/var/folders/7g/53424vt14g72yfdgy4c718ww0000gn/T/elasticsearch-4441117869741689291/geoip-databases/Rp2_LchETZ-ImD5JesvU_A/GeoLite2-ASN.mmdb]
[2022-07-30T10:50:05,446][INFO ][o.e.i.g.DatabaseNodeService] [Adarshs-MacBook-Pro.local] retrieve geoip database [GeoLite2-City.mmdb] from [.geoip_databases] to [/var/folders/7g/53424vt14g72yfdgy4c718ww0000gn/T/elasticsearch-4441117869741689291/geoip-databases/Rp2_LchETZ-ImD5JesvU_A/GeoLite2-City.mmdb.tmp.gz]
[2022-07-30T10:50:05,457][INFO ][o.e.i.g.GeoIpDownloader  ] [Adarshs-MacBook-Pro.local] successfully downloaded geoip database [GeoLite2-City.mmdb]
[2022-07-30T10:50:06,240][INFO ][o.e.i.g.DatabaseReaderLazyLoader] [Adarshs-MacBook-Pro.local] evicted [0] entries from cache after reloading database [/var/folders/7g/53424vt14g72yfdgy4c718ww0000gn/T/elasticsearch-4441117869741689291/geoip-databases/Rp2_LchETZ-ImD5JesvU_A/GeoLite2-City.mmdb]
[2022-07-30T10:50:06,240][INFO ][o.e.i.g.DatabaseNodeService] [Adarshs-MacBook-Pro.local] successfully reloaded changed geoip database file [/var/folders/7g/53424vt14g72yfdgy4c718ww0000gn/T/elasticsearch-4441117869741689291/geoip-databases/Rp2_LchETZ-ImD5JesvU_A/GeoLite2-City.mmdb]
[2022-07-30T10:50:06,445][INFO ][o.e.i.g.DatabaseNodeService] [Adarshs-MacBook-Pro.local] retrieve geoip database [GeoLite2-Country.mmdb] from [.geoip_databases] to [/var/folders/7g/53424vt14g72yfdgy4c718ww0000gn/T/elasticsearch-4441117869741689291/geoip-databases/Rp2_LchETZ-ImD5JesvU_A/GeoLite2-Country.mmdb.tmp.gz]
[2022-07-30T10:50:06,456][INFO ][o.e.i.g.GeoIpDownloader  ] [Adarshs-MacBook-Pro.local] successfully downloaded geoip database [GeoLite2-Country.mmdb]
[2022-07-30T10:50:06,521][INFO ][o.e.i.g.DatabaseReaderLazyLoader] [Adarshs-MacBook-Pro.local] evicted [0] entries from cache after reloading database [/var/folders/7g/53424vt14g72yfdgy4c718ww0000gn/T/elasticsearch-4441117869741689291/geoip-databases/Rp2_LchETZ-ImD5JesvU_A/GeoLite2-Country.mmdb]
[2022-07-30T10:50:06,522][INFO ][o.e.i.g.DatabaseNodeService] [Adarshs-MacBook-Pro.local] successfully reloaded changed geoip database file [/var/folders/7g/53424vt14g72yfdgy4c718ww0000gn/T/elasticsearch-4441117869741689291/geoip-databases/Rp2_LchETZ-ImD5JesvU_A/GeoLite2-Country.mmdb]
[2022-07-30T11:26:48,667][INFO ][o.e.c.m.MetadataMappingService] [Adarshs-MacBook-Pro.local] [productindex/FVH8u51hREyjkS8TXHErkw] update_mapping [_doc]
[2022-07-30T11:26:48,770][INFO ][o.e.c.m.MetadataMappingService] [Adarshs-MacBook-Pro.local] [productindex/FVH8u51hREyjkS8TXHErkw] update_mapping [_doc]
[2022-07-30T11:26:48,844][INFO ][o.e.c.m.MetadataMappingService] [Adarshs-MacBook-Pro.local] [productindex/FVH8u51hREyjkS8TXHErkw] update_mapping [_doc]
[2022-07-30T11:26:49,009][INFO ][o.e.c.m.MetadataMappingService] [Adarshs-MacBook-Pro.local] [productindex/FVH8u51hREyjkS8TXHErkw] update_mapping [_doc]
[2022-07-30T13:41:54,010][WARN ][o.e.t.ThreadPool         ] [Adarshs-MacBook-Pro.local] timer thread slept for [2.3m/142955ms] on absolute clock which is above the warn threshold of [5000ms]
[2022-07-30T13:41:56,941][WARN ][o.e.t.ThreadPool         ] [Adarshs-MacBook-Pro.local] absolute clock went backwards by [36ms/36ms] while timer thread was sleeping
[2022-07-30T13:59:41,023][WARN ][o.e.t.ThreadPool         ] [Adarshs-MacBook-Pro.local] timer thread slept for [16.9m/1018908ms] on absolute clock which is above the warn threshold of [5000ms]
